2025-12-26 09:09:41 INFO  o.h.validator.internal.util.Version - HV000001: Hibernate Validator 9.0.1.Final
2025-12-26 09:09:41 INFO  c.h.e.b.PredictionBackendApiApplication - Starting PredictionBackendApiApplication using Java 22.0.1 with PID 4052 (C:\Users\DevOswa\Desktop\hackaton\prediction-backend\target\classes started by DevOswa in C:\Users\DevOswa\Desktop\hackaton\prediction-backend)
2025-12-26 09:09:41 INFO  c.h.e.b.PredictionBackendApiApplication - No active profile set, falling back to 1 default profile: "default"
2025-12-26 09:09:42 INFO  o.s.boot.tomcat.TomcatWebServer - Tomcat initialized with port 8080 (http)
2025-12-26 09:09:42 INFO  o.a.coyote.http11.Http11NioProtocol - Initializing ProtocolHandler ["http-nio-8080"]
2025-12-26 09:09:42 INFO  o.a.catalina.core.StandardService - Starting service [Tomcat]
2025-12-26 09:09:42 INFO  o.a.catalina.core.StandardEngine - Starting Servlet engine: [Apache Tomcat/11.0.15]
2025-12-26 09:09:42 INFO  o.s.b.w.c.s.WebApplicationContextInitializer - Root WebApplicationContext: initialization completed in 1138 ms
2025-12-26 09:09:43 INFO  o.a.coyote.http11.Http11NioProtocol - Starting ProtocolHandler ["http-nio-8080"]
2025-12-26 09:09:43 INFO  o.s.boot.tomcat.TomcatWebServer - Tomcat started on port 8080 (http) with context path '/'
2025-12-26 09:09:43 INFO  c.h.e.b.PredictionBackendApiApplication - Started PredictionBackendApiApplication in 2.603 seconds (process running for 3.127)
2025-12-26 09:09:52 INFO  o.s.boot.tomcat.GracefulShutdown - Commencing graceful shutdown. Waiting for active requests to complete
2025-12-26 09:09:52 INFO  o.s.boot.tomcat.GracefulShutdown - Graceful shutdown complete
2025-12-26 09:13:17 INFO  o.h.validator.internal.util.Version - HV000001: Hibernate Validator 9.0.1.Final
2025-12-26 09:13:17 INFO  c.h.e.b.PredictionBackendApiApplication - Starting PredictionBackendApiApplication using Java 22.0.1 with PID 26356 (C:\Users\DevOswa\Desktop\hackaton\prediction-backend\target\classes started by DevOswa in C:\Users\DevOswa\Desktop\hackaton\prediction-backend)
2025-12-26 09:13:17 INFO  c.h.e.b.PredictionBackendApiApplication - No active profile set, falling back to 1 default profile: "default"
2025-12-26 09:13:18 INFO  o.s.boot.tomcat.TomcatWebServer - Tomcat initialized with port 8080 (http)
2025-12-26 09:13:18 INFO  o.a.coyote.http11.Http11NioProtocol - Initializing ProtocolHandler ["http-nio-8080"]
2025-12-26 09:13:18 INFO  o.a.catalina.core.StandardService - Starting service [Tomcat]
2025-12-26 09:13:18 INFO  o.a.catalina.core.StandardEngine - Starting Servlet engine: [Apache Tomcat/11.0.15]
2025-12-26 09:13:18 INFO  o.s.b.w.c.s.WebApplicationContextInitializer - Root WebApplicationContext: initialization completed in 1139 ms
2025-12-26 09:13:19 INFO  o.a.coyote.http11.Http11NioProtocol - Starting ProtocolHandler ["http-nio-8080"]
2025-12-26 09:13:19 INFO  o.s.boot.tomcat.TomcatWebServer - Tomcat started on port 8080 (http) with context path '/'
2025-12-26 09:13:19 INFO  c.h.e.b.PredictionBackendApiApplication - Started PredictionBackendApiApplication in 2.531 seconds (process running for 3.021)
2025-12-26 09:13:28 INFO  o.s.boot.tomcat.GracefulShutdown - Commencing graceful shutdown. Waiting for active requests to complete
2025-12-26 09:13:28 INFO  o.s.boot.tomcat.GracefulShutdown - Graceful shutdown complete
2025-12-26 09:22:40 INFO  o.h.validator.internal.util.Version - HV000001: Hibernate Validator 9.0.1.Final
2025-12-26 09:22:40 INFO  c.h.e.b.PredictionBackendApiApplication - Starting PredictionBackendApiApplication using Java 22.0.1 with PID 22928 (C:\Users\DevOswa\Desktop\hackaton\prediction-backend\target\classes started by DevOswa in C:\Users\DevOswa\Desktop\hackaton\prediction-backend)
2025-12-26 09:22:40 INFO  c.h.e.b.PredictionBackendApiApplication - No active profile set, falling back to 1 default profile: "default"
2025-12-26 09:22:41 INFO  o.s.boot.tomcat.TomcatWebServer - Tomcat initialized with port 8080 (http)
2025-12-26 09:22:41 INFO  o.a.coyote.http11.Http11NioProtocol - Initializing ProtocolHandler ["http-nio-8080"]
2025-12-26 09:22:41 INFO  o.a.catalina.core.StandardService - Starting service [Tomcat]
2025-12-26 09:22:41 INFO  o.a.catalina.core.StandardEngine - Starting Servlet engine: [Apache Tomcat/11.0.15]
2025-12-26 09:22:41 INFO  o.s.b.w.c.s.WebApplicationContextInitializer - Root WebApplicationContext: initialization completed in 1183 ms
2025-12-26 09:22:42 INFO  o.a.coyote.http11.Http11NioProtocol - Starting ProtocolHandler ["http-nio-8080"]
2025-12-26 09:22:42 INFO  o.s.boot.tomcat.TomcatWebServer - Tomcat started on port 8080 (http) with context path '/'
2025-12-26 09:22:42 INFO  c.h.e.b.PredictionBackendApiApplication - Started PredictionBackendApiApplication in 2.67 seconds (process running for 3.138)
2025-12-26 09:24:39 INFO  o.a.c.c.C.[Tomcat].[localhost].[/] - Initializing Spring DispatcherServlet 'dispatcherServlet'
2025-12-26 09:24:39 INFO  o.s.web.servlet.DispatcherServlet - Initializing Servlet 'dispatcherServlet'
2025-12-26 09:24:39 INFO  o.s.web.servlet.DispatcherServlet - Completed initialization in 3 ms
2025-12-26 09:25:10 INFO  o.s.boot.tomcat.GracefulShutdown - Commencing graceful shutdown. Waiting for active requests to complete
2025-12-26 09:25:10 INFO  o.s.boot.tomcat.GracefulShutdown - Graceful shutdown complete
